\BOOKMARK [1][-]{section.1}{Introduzione}{}% 1
\BOOKMARK [2][-]{subsection.1.1}{Informazioni di base}{section.1}% 2
\BOOKMARK [2][-]{subsection.1.2}{Struttura del documento}{section.1}% 3
\BOOKMARK [1][-]{section.2}{FRENT}{}% 4
\BOOKMARK [2][-]{subsection.2.1}{Scopo del sito}{section.2}% 5
\BOOKMARK [2][-]{subsection.2.2}{Utenti}{section.2}% 6
\BOOKMARK [3][-]{subsubsection.2.2.1}{Guest}{subsection.2.2}% 7
\BOOKMARK [3][-]{subsubsection.2.2.2}{Host}{subsection.2.2}% 8
\BOOKMARK [3][-]{subsubsection.2.2.3}{Amministratore}{subsection.2.2}% 9
\BOOKMARK [2][-]{subsection.2.3}{Elementi del sito}{section.2}% 10
\BOOKMARK [3][-]{subsubsection.2.3.1}{Utente}{subsection.2.3}% 11
\BOOKMARK [3][-]{subsubsection.2.3.2}{Annuncio}{subsection.2.3}% 12
\BOOKMARK [3][-]{subsubsection.2.3.3}{Ricerca}{subsection.2.3}% 13
\BOOKMARK [3][-]{subsubsection.2.3.4}{Prenotazione}{subsection.2.3}% 14
\BOOKMARK [3][-]{subsubsection.2.3.5}{Commento}{subsection.2.3}% 15
\BOOKMARK [1][-]{section.3}{Progettazione}{}% 16
\BOOKMARK [2][-]{subsection.3.1}{Base di dati}{section.3}% 17
\BOOKMARK [3][-]{subsubsection.3.1.1}{Dati guest richiesti}{subsection.3.1}% 18
\BOOKMARK [2][-]{subsection.3.2}{Contesto dell'informazione }{section.3}% 19
\BOOKMARK [3][-]{subsubsection.3.2.1}{Tiro Perfetto}{subsection.3.2}% 20
\BOOKMARK [3][-]{subsubsection.3.2.2}{Trappola per aragoste}{subsection.3.2}% 21
\BOOKMARK [3][-]{subsubsection.3.2.3}{Boa di Segnalazione}{subsection.3.2}% 22
\BOOKMARK [2][-]{subsection.3.3}{Schema organizzativi}{section.3}% 23
\BOOKMARK [3][-]{subsubsection.3.3.1}{Schemi esatti}{subsection.3.3}% 24
\BOOKMARK [3][-]{subsubsection.3.3.2}{Schemi ambigui}{subsection.3.3}% 25
\BOOKMARK [2][-]{subsection.3.4}{Struttura organizzativa}{section.3}% 26
\BOOKMARK [2][-]{subsection.3.5}{Web design}{section.3}% 27
\BOOKMARK [3][-]{subsubsection.3.5.1}{Interfaccia a schede}{subsection.3.5}% 28
\BOOKMARK [3][-]{subsubsection.3.5.2}{Layout a tre pannelli}{subsection.3.5}% 29
\BOOKMARK [2][-]{subsection.3.6}{Mobile}{section.3}% 30
\BOOKMARK [2][-]{subsection.3.7}{Emozioni}{section.3}% 31
\BOOKMARK [1][-]{section.4}{Realizzazione}{}% 32
\BOOKMARK [2][-]{subsection.4.1}{Base di dati}{section.4}% 33
\BOOKMARK [2][-]{subsection.4.2}{Struttura}{section.4}% 34
\BOOKMARK [2][-]{subsection.4.3}{Presentazione}{section.4}% 35
\BOOKMARK [3][-]{subsubsection.4.3.1}{Form}{subsection.4.3}% 36
\BOOKMARK [3][-]{subsubsection.4.3.2}{Scelta dei colori}{subsection.4.3}% 37
\BOOKMARK [3][-]{subsubsection.4.3.3}{Versione Mobile}{subsection.4.3}% 38
\BOOKMARK [3][-]{subsubsection.4.3.4}{Versione per browser obsoleti}{subsection.4.3}% 39
\BOOKMARK [2][-]{subsection.4.4}{Comportamento}{section.4}% 40
\BOOKMARK [3][-]{subsubsection.4.4.1}{PHP}{subsection.4.4}% 41
\BOOKMARK [3][-]{subsubsection.4.4.2}{JavaScript}{subsection.4.4}% 42
\BOOKMARK [1][-]{section.5}{Accessibilit\340}{}% 43
\BOOKMARK [1][-]{section.6}{Test e validazione}{}% 44
\BOOKMARK [2][-]{subsection.6.1}{Total Validator}{section.6}% 45
\BOOKMARK [2][-]{subsection.6.2}{W3C HTML Validator}{section.6}% 46
\BOOKMARK [2][-]{subsection.6.3}{W3C CSS Validator}{section.6}% 47
\BOOKMARK [2][-]{subsection.6.4}{WAVE}{section.6}% 48
\BOOKMARK [2][-]{subsection.6.5}{Inspect Code}{section.6}% 49
\BOOKMARK [1][-]{section.7}{Ruolo membri del gruppo}{}% 50
